SillyChildClient/CallLib/build/outputs/logs/manifest-merger-debug-report.txt
-- Merging decision tree log ---
manifest
ADDED from SillyChildClient\CallLib\AndroidManifest.xml:1:1-13:12
INJECTED from SillyChildClient\CallLib\AndroidManifest.xml:1:1-13:12
INJECTED from SillyChildClient\CallLib\AndroidManifest.xml:1:1-13:12
INJECTED from SillyChildClient\CallLib\AndroidManifest.xml:1:1-13:12
INJECTED from SillyChildClient\CallLib\AndroidManifest.xml:1:1-13:12
INJECTED from SillyChildClient\CallLib\AndroidManifest.xml:1:1-13:12
INJECTED from SillyChildClient\CallLib\AndroidManifest.xml:1:1-13:12
	package
		ADDED from SillyChildClient\CallLib\AndroidManifest.xml:2:5-30
		INJECTED from SillyChildClient\CallLib\AndroidManifest.xml
		INJECTED from SillyChildClient\CallLib\AndroidManifest.xml
	android:versionName
		INJECTED from SillyChildClient\CallLib\AndroidManifest.xml
		ADDED from SillyChildClient\CallLib\AndroidManifest.xml:1:1-13:12
		INJECTED from SillyChildClient\CallLib\AndroidManifest.xml
	android:versionCode
		INJECTED from SillyChildClient\CallLib\AndroidManifest.xml
		ADDED from SillyChildClient\CallLib\AndroidManifest.xml:1:1-13:12
		INJECTED from SillyChildClient\CallLib\AndroidManifest.xml
	xmlns:android
		ADDED from SillyChildClient\CallLib\AndroidManifest.xml:1:11-69
uses-sdk
ADDED from SillyChildClient\CallLib\AndroidManifest.xml:4:5-6:41
INJECTED from SillyChildClient\CallLib\AndroidManifest.xml:4:5-6:41
INJECTED from SillyChildClient\CallLib\AndroidManifest.xml:4:5-6:41
INJECTED from SillyChildClient\CallLib\AndroidManifest.xml:4:5-6:41
INJECTED from SillyChildClient\CallLib\AndroidManifest.xml:4:5-6:41
	android:targetSdkVersion
		ADDED from SillyChildClient\CallLib\AndroidManifest.xml:6:9-38
		INJECTED from SillyChildClient\CallLib\AndroidManifest.xml
		INJECTED from SillyChildClient\CallLib\AndroidManifest.xml
	android:minSdkVersion
		ADDED from SillyChildClient\CallLib\AndroidManifest.xml:5:9-35
		INJECTED from SillyChildClient\CallLib\AndroidManifest.xml
		INJECTED from SillyChildClient\CallLib\AndroidManifest.xml
application
ADDED from SillyChildClient\CallLib\AndroidManifest.xml:8:5-11:19